0 info it worked if it ends with ok
1 verbose cli [ 'C:\\Program Files\\nodejs\\node.exe',
1 verbose cli   'C:\\Program Files\\nodejs\\node_modules\\npm\\bin\\npm-cli.js',
1 verbose cli   'install',
1 verbose cli   ':mpm' ]
2 info using npm@3.10.3
3 info using node@v6.3.1
4 silly loadCurrentTree Starting
5 silly install loadCurrentTree
6 silly install readLocalPackageData
7 silly fetchPackageMetaData :mpm
8 silly fetchOtherPackageData :mpm
9 silly cache add args [ ':mpm', null ]
10 verbose cache add spec :mpm
11 silly cache add parsed spec Result {
11 silly cache add   raw: ':mpm',
11 silly cache add   scope: null,
11 silly cache add   escapedName: null,
11 silly cache add   name: null,
11 silly cache add   rawSpec: ':mpm',
11 silly cache add   spec: 'C:\\Users\\psmchris\\Documents\\myapp\\:mpm',
11 silly cache add   type: 'local' }
12 error addLocal Could not install C:\Users\psmchris\Documents\myapp\:mpm
13 silly fetchPackageMetaData Error: ENOENT: no such file or directory, open 'C:\Users\psmchris\Documents\myapp\:mpm'
13 silly fetchPackageMetaData     at Error (native)
13 silly fetchPackageMetaData  error for :mpm { Error: ENOENT: no such file or directory, open 'C:\Users\psmchris\Documents\myapp\:mpm'
13 silly fetchPackageMetaData     at Error (native)
13 silly fetchPackageMetaData   errno: -4058,
13 silly fetchPackageMetaData   code: 'ENOENT',
13 silly fetchPackageMetaData   syscall: 'open',
13 silly fetchPackageMetaData   path: 'C:\\Users\\psmchris\\Documents\\myapp\\:mpm' }
14 silly rollbackFailedOptional Starting
15 silly rollbackFailedOptional Finishing
16 silly runTopLevelLifecycles Starting
17 silly runTopLevelLifecycles Finishing
18 silly install printInstalled
19 verbose stack Error: ENOENT: no such file or directory, open 'C:\Users\psmchris\Documents\myapp\:mpm'
19 verbose stack     at Error (native)
20 verbose cwd C:\Users\psmchris\Documents\myapp
21 error Windows_NT 6.1.7601
22 error argv "C:\\Program Files\\nodejs\\node.exe" "C:\\Program Files\\nodejs\\node_modules\\npm\\bin\\npm-cli.js" "install" ":mpm"
23 error node v6.3.1
24 error npm  v3.10.3
25 error path C:\Users\psmchris\Documents\myapp\:mpm
26 error code ENOENT
27 error errno -4058
28 error syscall open
29 error enoent ENOENT: no such file or directory, open 'C:\Users\psmchris\Documents\myapp\:mpm'
30 error enoent ENOENT: no such file or directory, open 'C:\Users\psmchris\Documents\myapp\:mpm'
30 error enoent This is most likely not a problem with npm itself
30 error enoent and is related to npm not being able to find a file.
31 verbose exit [ -4058, true ]
